#
# A fatal error has been detected by the Java Runtime Environment:
#
#  EXCEPTION_ACCESS_VIOLATION (0xc0000005) at pc=0x000000006e9cbbb1, pid=10236, tid=0x0000000000003c7c
#
# JRE version: OpenJDK Runtime Environment (8.0_242-b01) (build 1.8.0_242-release-1644-b01)
# Java VM: OpenJDK 64-Bit Server VM (25.242-b01 mixed mode windows-amd64 compressed oops)
# Problematic frame:
# C  [gdx-box2d64.dll+0xbbb1]
#
# Failed to write core dump. Minidumps are not enabled by default on client versions of Windows
#
# If you would like to submit a bug report, please visit:
#   
# The crash happened outside the Java Virtual Machine in native code.
# See problematic frame for where to report the bug.
#

---------------  T H R E A D  ---------------

Current thread (0x0000000017150800):  JavaThread "LWJGL Application" [_thread_in_native, id=15484, stack(0x00000000181b0000,0x00000000182b0000)]

siginfo: ExceptionCode=0xc0000005, reading address 0x0000000218166330

Registers:
RAX=0x000000006ea10060, RBX=0x0000000218166330, RCX=0x000000001bba0080, RDX=0x00000000000000b8
RSP=0x00000000182af0e0, RBP=0x000000001bba00b0, RSI=0x000000001bba0080, RDI=0x00000000182af1a0
R8 =0x000000001bba0080, R9 =0x0000000000000000, R10=0x0000000000000000, R11=0x0000000000000001
R12=0x0000000000000000, R13=0x0000000000000006, R14=0x00000000182af388, R15=0x0000000017150800
RIP=0x000000006e9cbbb1, EFLAGS=0x0000000000010206

Top of Stack: (sp=0x00000000182af0e0)
0x00000000182af0e0:   0000000014e9f930 0000000017150800
0x00000000182af0f0:   0000000052f372b8 00000000174ffbe0
0x00000000182af100:   0000000000000001 000000001bba0080
0x00000000182af110:   00000000182af1a0 00000000182af2e0
0x00000000182af120:   0000000000000000 0000000014e9f930
0x00000000182af130:   00000000182af388 000000006e9e1163
0x00000000182af140:   00000000182af1e0 00000000182af1e0
0x00000000182af150:   0000000000000003 0000000014e9f930
0x00000000182af160:   0000000000000001 0000000000001858
0x00000000182af170:   0000000002de7bb0 000000006e9e6a36
0x00000000182af180:   0000000000000000 0000000002de7bb0
0x00000000182af190:   00000000182af2e0 0000000002de54d8
0x00000000182af1a0:   400d110d00000000 000000004029ddb2
0x00000000182af1b0:   0000000000000000 0000000000000000
0x00000000182af1c0:   0000010100000000 00000000182af301
0x00000000182af1d0:   0000000000000000 000000003f800000 

Instructions: (pc=0x000000006e9cbbb1)
0x000000006e9cbb91:   05 ca 44 04 00 44 0f b6 2c 18 41 80 fd 0d 4c 89
0x000000006e9cbba1:   eb 77 2c 48 8d 2c de 48 8b 5d 10 48 85 db 74 45
0x000000006e9cbbb1:   48 8b 03 48 89 45 10 48 89 d8 48 83 c4 20 5b 5e
0x000000006e9cbbc1:   5f 5d 41 5c 41 5d 41 5e c3 66 0f 1f 44 00 00 48 


Register to memory mapping:

RAX=0x000000006ea10060 is an unknown value
RBX=0x0000000218166330 is an unknown value
RCX=0x000000001bba0080 is an unknown value
RDX=0x00000000000000b8 is an unknown value
RSP=0x00000000182af0e0 is pointing into the stack for thread: 0x0000000017150800
RBP=0x000000001bba00b0 is an unknown value
RSI=0x000000001bba0080 is an unknown value
RDI=0x00000000182af1a0 is pointing into the stack for thread: 0x0000000017150800
R8 =0x000000001bba0080 is an unknown value
R9 =0x0000000000000000 is an unknown value
R10=0x0000000000000000 is an unknown value
R11=0x0000000000000001 is an unknown value
R12=0x0000000000000000 is an unknown value
R13=0x0000000000000006 is an unknown value
R14=0x00000000182af388 is pointing into the stack for thread: 0x0000000017150800
R15=0x0000000017150800 is a thread


Stack: [0x00000000181b0000,0x00000000182b0000],  sp=0x00000000182af0e0,  free space=1020k
Native frames: (J=compiled Java code, j=interpreted, Vv=VM code, C=native code)
C  [gdx-box2d64.dll+0xbbb1]
C  [gdx-box2d64.dll+0x21163]
C  [gdx-box2d64.dll+0x26a36]
C  0x0000000002df8a07

Java frames: (J=compiled Java code, j=interpreted, Vv=VM code)
j  com.badlogic.gdx.physics.box2d.World.jniCreateBody(JIFFFFFFFFZZZZZF)J+0
j  com.badlogic.gdx.physics.box2d.World.createBody(Lcom/badlogic/gdx/physics/box2d/BodyDef;)Lcom/badlogic/gdx/physics/box2d/Body;+80
j  com.mygdx.game.Handlers.TiledObjectUtil$PickableObjectsManager.createOneBody()V+136
j  com.mygdx.game.Handlers.WorldManager$1.update(F)V+25
j  com.mygdx.game.Handlers.WorldManager.update(F)V+40
j  com.mygdx.game.Screens.PLAY_SCREEN.update(F)V+5
j  com.mygdx.game.Screens.PLAY_SCREEN.render(F)V+13
j  com.badlogic.gdx.Game.render()V+19
j  com.mygdx.game.App.render()V+1
j  com.badlogic.gdx.backends.lwjgl.LwjglApplication.mainLoop()V+776
j  com.badlogic.gdx.backends.lwjgl.LwjglApplication$1.run()V+27
v  ~StubRoutines::call_stub

---------------  P R O C E S S  ---------------

Java Threads: ( => current thread )
  0x0000000017468800 JavaThread "LWJGL Timer" daemon [_thread_blocked, id=13516, stack(0x000000001f500000,0x000000001f600000)]
  0x0000000017471000 JavaThread "AssetManager" daemon [_thread_blocked, id=8920, stack(0x000000001c320000,0x000000001c420000)]
  0x0000000002ce2800 JavaThread "DestroyJavaVM" [_thread_blocked, id=13776, stack(0x0000000002bb0000,0x0000000002cb0000)]
=>0x0000000017150800 JavaThread "LWJGL Application" [_thread_in_native, id=15484, stack(0x00000000181b0000,0x00000000182b0000)]
  0x000000001516d000 JavaThread "Service Thread" daemon [_thread_blocked, id=15260, stack(0x0000000016e70000,0x0000000016f70000)]
  0x0000000015123800 JavaThread "C1 CompilerThread2" daemon [_thread_blocked, id=14128, stack(0x0000000016970000,0x0000000016a70000)]
  0x000000001511f800 JavaThread "C2 CompilerThread1" daemon [_thread_blocked, id=3740, stack(0x0000000016870000,0x0000000016970000)]
  0x0000000015118000 JavaThread "C2 CompilerThread0" daemon [_thread_blocked, id=12224, stack(0x0000000016770000,0x0000000016870000)]
  0x0000000015116000 JavaThread "Attach Listener" daemon [_thread_blocked, id=10928, stack(0x0000000016670000,0x0000000016770000)]
  0x0000000015114000 JavaThread "Signal Dispatcher" daemon [_thread_blocked, id=15996, stack(0x0000000016570000,0x0000000016670000)]
  0x0000000002ddc800 JavaThread "Finalizer" daemon [_thread_blocked, id=12484, stack(0x0000000016370000,0x0000000016470000)]
  0x00000000150f9000 JavaThread "Reference Handler" daemon [_thread_blocked, id=10100, stack(0x0000000016270000,0x0000000016370000)]

Other Threads:
  0x00000000150d7000 VMThread [stack: 0x0000000016170000,0x0000000016270000] [id=15500]
  0x0000000016ab2000 WatcherThread [stack: 0x0000000016f70000,0x0000000017070000] [id=2572]

VM state:not at safepoint (normal execution)

VM Mutex/Monitor currently owned by a thread: None

heap address: 0x00000000c6200000, size: 926 MB, Compressed Oops mode: 32-bit
Narrow klass base: 0x0000000000000000, Narrow klass shift: 3
Compressed class space size: 1073741824 Address: 0x0000000100000000

Heap:
 PSYoungGen      total 17408K, used 9817K [0x00000000ecb80000, 0x00000000ede80000, 0x0000000100000000)
  eden space 15360K, 50% used [0x00000000ecb80000,0x00000000ed319b48,0x00000000eda80000)
  from space 2048K, 99% used [0x00000000edc80000,0x00000000ede7c940,0x00000000ede80000)
  to   space 2048K, 0% used [0x00000000eda80000,0x00000000eda80000,0x00000000edc80000)
 ParOldGen       total 39936K, used 2677K [0x00000000c6200000, 0x00000000c8900000, 0x00000000ecb80000)
  object space 39936K, 6% used [0x00000000c6200000,0x00000000c649d490,0x00000000c8900000)
 Metaspace       used 8710K, capacity 8803K, committed 9088K, reserved 1056768K
  class space    used 790K, capacity 816K, committed 896K, reserved 1048576K

Card table byte_map: [0x00000000121a0000,0x0000000012370000] byte_map_base: 0x0000000011b6f000

Marking Bits: (ParMarkBitMap*) 0x00000000530ff030
 Begin Bits: [0x00000000128b0000, 0x0000000013728000)
 End Bits:   [0x0000000013728000, 0x00000000145a0000)

Polling page: 0x0000000002b20000

CodeCache: size=245760Kb used=4219Kb max_used=4235Kb free=241541Kb
 bounds [0x0000000002de0000, 0x0000000003210000, 0x0000000011de0000]
 total_blobs=1604 nmethods=1098 adapters=420
 compilation: enabled

Compilation events (10 events):
Event: 11.198 Thread 0x000000001511f800 1094       4       com.badlogic.gdx.utils.Array$ArrayIterator::next (66 bytes)
Event: 11.200 Thread 0x000000001511f800 nmethod 1094 0x00000000031f15d0 code [0x00000000031f1720, 0x00000000031f1818]
Event: 11.200 Thread 0x000000001511f800 1095       4       com.badlogic.gdx.graphics.glutils.VertexArray::bind (347 bytes)
Event: 11.210 Thread 0x0000000015118000 nmethod 1093 0x00000000031fbad0 code [0x00000000031fbe20, 0x00000000031fec80]
Event: 11.215 Thread 0x0000000015123800 1096       1       com.badlogic.gdx.maps.objects.RectangleMapObject::getRectangle (5 bytes)
Event: 11.215 Thread 0x0000000015123800 nmethod 1096 0x00000000031f1310 code [0x00000000031f1460, 0x00000000031f1570]
Event: 11.216 Thread 0x0000000015123800 1097       3       com.badlogic.gdx.utils.Array::pop (49 bytes)
Event: 11.216 Thread 0x0000000015118000 1098       4       com.badlogic.gdx.graphics.Texture::getWidth (10 bytes)
Event: 11.216 Thread 0x0000000015123800 nmethod 1097 0x00000000031fb3d0 code [0x00000000031fb560, 0x00000000031fb928]
Event: 11.217 Thread 0x0000000015118000 nmethod 1098 0x00000000031f1010 code [0x00000000031f1160, 0x00000000031f11f8]

GC Heap History (4 events):
Event: 1.475 GC heap before
{Heap before GC invocations=1 (full 0):
 PSYoungGen      total 17408K, used 15360K [0x00000000ecb80000, 0x00000000ede80000, 0x0000000100000000)
  eden space 15360K, 100% used [0x00000000ecb80000,0x00000000eda80000,0x00000000eda80000)
  from space 2048K, 0% used [0x00000000edc80000,0x00000000edc80000,0x00000000ede80000)
  to   space 2048K, 0% used [0x00000000eda80000,0x00000000eda80000,0x00000000edc80000)
 ParOldGen       total 39936K, used 0K [0x00000000c6200000, 0x00000000c8900000, 0x00000000ecb80000)
  object space 39936K, 0% used [0x00000000c6200000,0x00000000c6200000,0x00000000c8900000)
 Metaspace       used 7263K, capacity 7555K, committed 7680K, reserved 1056768K
  class space    used 663K, capacity 720K, committed 768K, reserved 1048576K
Event: 1.479 GC heap after
Heap after GC invocations=1 (full 0):
 PSYoungGen      total 17408K, used 2040K [0x00000000ecb80000, 0x00000000ede80000, 0x0000000100000000)
  eden space 15360K, 0% used [0x00000000ecb80000,0x00000000ecb80000,0x00000000eda80000)
  from space 2048K, 99% used [0x00000000eda80000,0x00000000edc7e0f0,0x00000000edc80000)
  to   space 2048K, 0% used [0x00000000edc80000,0x00000000edc80000,0x00000000ede80000)
 ParOldGen       total 39936K, used 1639K [0x00000000c6200000, 0x00000000c8900000, 0x00000000ecb80000)
  object space 39936K, 4% used [0x00000000c6200000,0x00000000c6399dc8,0x00000000c8900000)
 Metaspace       used 7263K, capacity 7555K, committed 7680K, reserved 1056768K
  class space    used 663K, capacity 720K, committed 768K, reserved 1048576K
}
Event: 7.282 GC heap before
{Heap before GC invocations=2 (full 0):
 PSYoungGen      total 17408K, used 17400K [0x00000000ecb80000, 0x00000000ede80000, 0x0000000100000000)
  eden space 15360K, 100% used [0x00000000ecb80000,0x00000000eda80000,0x00000000eda80000)
  from space 2048K, 99% used [0x00000000eda80000,0x00000000edc7e0f0,0x00000000edc80000)
  to   space 2048K, 0% used [0x00000000edc80000,0x00000000edc80000,0x00000000ede80000)
 ParOldGen       total 39936K, used 1639K [0x00000000c6200000, 0x00000000c8900000, 0x00000000ecb80000)
  object space 39936K, 4% used [0x00000000c6200000,0x00000000c6399dc8,0x00000000c8900000)
 Metaspace       used 8512K, capacity 8611K, committed 8832K, reserved 1056768K
  class space    used 786K, capacity 816K, committed 896K, reserved 1048576K
Event: 7.285 GC heap after
Heap after GC invocations=2 (full 0):
 PSYoungGen      total 17408K, used 2034K [0x00000000ecb80000, 0x00000000ede80000, 0x0000000100000000)
  eden space 15360K, 0% used [0x00000000ecb80000,0x00000000ecb80000,0x00000000eda80000)
  from space 2048K, 99% used [0x00000000edc80000,0x00000000ede7c940,0x00000000ede80000)
  to   space 2048K, 0% used [0x00000000eda80000,0x00000000eda80000,0x00000000edc80000)
 ParOldGen       total 39936K, used 2677K [0x00000000c6200000, 0x00000000c8900000, 0x00000000ecb80000)
  object space 39936K, 6% used [0x00000000c6200000,0x00000000c649d490,0x00000000c8900000)
 Metaspace       used 8512K, capacity 8611K, committed 8832K, reserved 1056768K
  class space    used 786K, capacity 816K, committed 896K, reserved 1048576K
}

Deoptimization events (7 events):
Event: 0.292 Thread 0x0000000002ce2800 Uncommon trap: reason=unstable_if action=reinterpret pc=0x0000000002f35b4c method=java.lang.String.indexOf([CII[CIII)I @ 134
Event: 1.457 Thread 0x0000000017150800 Uncommon trap: reason=unstable_if action=reinterpret pc=0x00000000030211d4 method=sun.net.www.ParseUtil.encodePath(Ljava/lang/String;Z)Ljava/lang/String; @ 109
Event: 6.806 Thread 0x0000000017150800 Uncommon trap: reason=unstable_if action=reinterpret pc=0x00000000030da6b4 method=com.badlogic.gdx.utils.ObjectIntMap.locateKey(Ljava/lang/Object;)I @ 32
Event: 7.275 Thread 0x0000000017150800 Uncommon trap: reason=unstable_if action=reinterpret pc=0x0000000002f82db8 method=java.lang.String.<init>([CII)V @ 18
Event: 9.137 Thread 0x0000000017150800 Uncommon trap: reason=unstable_if action=reinterpret pc=0x0000000003187d24 method=com.badlogic.gdx.graphics.g2d.ParticleEmitter$ScaledNumericValue.getScale(F)F @ 31
Event: 9.137 Thread 0x0000000017150800 Uncommon trap: reason=unstable_if action=reinterpret pc=0x000000000316d408 method=com.badlogic.gdx.graphics.g2d.ParticleEmitter$ScaledNumericValue.getScale(F)F @ 31
Event: 10.491 Thread 0x0000000017150800 Uncommon trap: reason=unstable_if action=reinterpret pc=0x0000000003178a84 method=com.badlogic.gdx.utils.LongMap.locateKey(J)I @ 22

Classes redefined (0 events):
No events

Internal exceptions (10 events):
Event: 0.290 Thread 0x0000000002ce2800 Exception <a 'java/security/PrivilegedActionException'> (0x00000000ece83360) thrown at [C:\src\AOSP-openjdk-git\hotspot\src\share\vm\prims\jvm.cpp, line 1502]
Event: 0.290 Thread 0x0000000002ce2800 Exception <a 'java/security/PrivilegedActionException'> (0x00000000ece84898) thrown at [C:\src\AOSP-openjdk-git\hotspot\src\share\vm\prims\jvm.cpp, line 1502]
Event: 0.290 Thread 0x0000000002ce2800 Exception <a 'java/security/PrivilegedActionException'> (0x00000000ece84aa8) thrown at [C:\src\AOSP-openjdk-git\hotspot\src\share\vm\prims\jvm.cpp, line 1502]
Event: 0.779 Thread 0x0000000002ce2800 Exception <a 'java/security/PrivilegedActionException'> (0x00000000ed086880) thrown at [C:\src\AOSP-openjdk-git\hotspot\src\share\vm\prims\jvm.cpp, line 1502]
Event: 0.779 Thread 0x0000000002ce2800 Exception <a 'java/security/PrivilegedActionException'> (0x00000000ed088558) thrown at [C:\src\AOSP-openjdk-git\hotspot\src\share\vm\prims\jvm.cpp, line 1502]
Event: 0.780 Thread 0x0000000002ce2800 Exception <a 'java/security/PrivilegedActionException'> (0x00000000ed0896c8) thrown at [C:\src\AOSP-openjdk-git\hotspot\src\share\vm\prims\jvm.cpp, line 1502]
Event: 0.780 Thread 0x0000000002ce2800 Exception <a 'java/security/PrivilegedActionException'> (0x00000000ed08e8e0) thrown at [C:\src\AOSP-openjdk-git\hotspot\src\share\vm\prims\jvm.cpp, line 1502]
Event: 0.780 Thread 0x0000000002ce2800 Exception <a 'java/security/PrivilegedActionException'> (0x00000000ed08f538) thrown at [C:\src\AOSP-openjdk-git\hotspot\src\share\vm\prims\jvm.cpp, line 1502]
Event: 0.780 Thread 0x0000000002ce2800 Exception <a 'java/security/PrivilegedActionException'> (0x00000000ed090160) thrown at [C:\src\AOSP-openjdk-git\hotspot\src\share\vm\prims\jvm.cpp, line 1502]
Event: 6.806 Thread 0x0000000017150800 Implicit null exception at 0x00000000030da4cb to 0x00000000030da695

Events (10 events):
Event: 9.137 Thread 0x0000000017150800 DEOPT PACKING pc=0x0000000003187d24 sp=0x00000000182af2d0
Event: 9.137 Thread 0x0000000017150800 DEOPT UNPACKING pc=0x0000000002e2557b sp=0x00000000182af190 mode 2
Event: 9.137 Thread 0x0000000017150800 Uncommon trap: trap_request=0xffffff65 fr.pc=0x000000000316d408
Event: 9.137 Thread 0x0000000017150800 DEOPT PACKING pc=0x000000000316d408 sp=0x00000000182af200
Event: 9.137 Thread 0x0000000017150800 DEOPT UNPACKING pc=0x0000000002e2557b sp=0x00000000182af180 mode 2
Event: 9.903 Thread 0x0000000017150800 DEOPT PACKING pc=0x00000000031a480d sp=0x00000000182af300
Event: 9.903 Thread 0x0000000017150800 DEOPT UNPACKING pc=0x0000000002e275d0 sp=0x00000000182af0b8 mode 0
Event: 10.491 Thread 0x0000000017150800 Uncommon trap: trap_request=0xffffff65 fr.pc=0x0000000003178a84
Event: 10.491 Thread 0x0000000017150800 DEOPT PACKING pc=0x0000000003178a84 sp=0x00000000182af2c0
Event: 10.491 Thread 0x0000000017150800 DEOPT UNPACKING pc=0x0000000002e2557b sp=0x00000000182af258 mode 2


Dynamic libraries:
0x00007ff715e10000 - 0x00007ff715e41000 	C:\Program Files\Android\Android Studio\jre\bin\java.exe
0x00007ff9246b0000 - 0x00007ff9248a6000 	C:\WINDOWS\SYSTEM32\ntdll.dll
0x00007ff922ac0000 - 0x00007ff922b7d000 	C:\WINDOWS\System32\KERNEL32.DLL
0x00007ff9220a0000 - 0x00007ff922369000 	C:\WINDOWS\System32\KERNELBASE.dll
0x00007ff924140000 - 0x00007ff9241ec000 	C:\WINDOWS\System32\ADVAPI32.dll
0x00007ff922850000 - 0x00007ff9228ee000 	C:\WINDOWS\System32\msvcrt.dll
0x00007ff924570000 - 0x00007ff92460c000 	C:\WINDOWS\System32\sechost.dll
0x00007ff923960000 - 0x00007ff923a8b000 	C:\WINDOWS\System32\RPCRT4.dll
0x00007ff923690000 - 0x00007ff923830000 	C:\WINDOWS\System32\USER32.dll
0x00007ff921e90000 - 0x00007ff921eb2000 	C:\WINDOWS\System32\win32u.dll
0x00007ff924110000 - 0x00007ff92413a000 	C:\WINDOWS\System32\GDI32.dll
0x00007ff921f90000 - 0x00007ff92209b000 	C:\WINDOWS\System32\gdi32full.dll
0x00007ff921df0000 - 0x00007ff921e8d000 	C:\WINDOWS\System32\msvcp_win.dll
0x00007ff922370000 - 0x00007ff922470000 	C:\WINDOWS\System32\ucrtbase.dll
0x00007ff9136e0000 - 0x00007ff91397b000 	C:\WINDOWS\WinSxS\amd64_microsoft.windows.common-controls_6595b64144ccf1df_6.0.19041.746_none_ca02b4b61b8320a4\COMCTL32.dll
0x00007ff922a30000 - 0x00007ff922a60000 	C:\WINDOWS\System32\IMM32.DLL
0x0000000052850000 - 0x0000000052922000 	C:\Program Files\Android\Android Studio\jre\jre\bin\msvcr100.dll
0x0000000052930000 - 0x000000005317b000 	C:\Program Files\Android\Android Studio\jre\jre\bin\server\jvm.dll
0x00007ff924550000 - 0x00007ff924558000 	C:\WINDOWS\System32\PSAPI.DLL
0x00007ff916fb0000 - 0x00007ff916fba000 	C:\WINDOWS\SYSTEM32\VERSION.dll
0x00007ff918b20000 - 0x00007ff918b47000 	C:\WINDOWS\SYSTEM32\WINMM.dll
0x00007ff91db90000 - 0x00007ff91db99000 	C:\WINDOWS\SYSTEM32\WSOCK32.dll
0x00007ff923620000 - 0x00007ff92368b000 	C:\WINDOWS\System32\WS2_32.dll
0x00007ff91ad60000 - 0x00007ff91ad6f000 	C:\Program Files\Android\Android Studio\jre\jre\bin\verify.dll
0x00007ff91ad10000 - 0x00007ff91ad39000 	C:\Program Files\Android\Android Studio\jre\jre\bin\java.dll
0x00007ff91ab50000 - 0x00007ff91ab66000 	C:\Program Files\Android\Android Studio\jre\jre\bin\zip.dll
0x00007ff922b80000 - 0x00007ff9232c2000 	C:\WINDOWS\System32\SHELL32.dll
0x00007ff91fdd0000 - 0x00007ff920560000 	C:\WINDOWS\SYSTEM32\windows.storage.dll
0x00007ff9241f0000 - 0x00007ff924546000 	C:\WINDOWS\System32\combase.dll
0x00007ff9216b0000 - 0x00007ff9216dc000 	C:\WINDOWS\SYSTEM32\Wldp.dll
0x00007ff9232d0000 - 0x00007ff92337e000 	C:\WINDOWS\System32\SHCORE.dll
0x00007ff924610000 - 0x00007ff924665000 	C:\WINDOWS\System32\shlwapi.dll
0x00007ff921d20000 - 0x00007ff921d46000 	C:\WINDOWS\SYSTEM32\profapi.dll
0x0000000065ac0000 - 0x0000000065aea000 	C:\Users\ADMIN\AppData\Local\Temp\libgdxADMIN\d6a9e29c\gdx64.dll
0x00007ff921a40000 - 0x00007ff921a58000 	C:\WINDOWS\SYSTEM32\CRYPTSP.dll
0x00007ff920e60000 - 0x00007ff920e94000 	C:\WINDOWS\system32\rsaenh.dll
0x00007ff9224d0000 - 0x00007ff9224f7000 	C:\WINDOWS\System32\bcrypt.dll
0x00007ff921ce0000 - 0x00007ff921d0e000 	C:\WINDOWS\SYSTEM32\USERENV.dll
0x00007ff921ec0000 - 0x00007ff921f40000 	C:\WINDOWS\System32\bcryptprimitives.dll
0x00007ff921620000 - 0x00007ff92162c000 	C:\WINDOWS\SYSTEM32\CRYPTBASE.dll
0x00007ff91ab30000 - 0x00007ff91ab4a000 	C:\Program Files\Android\Android Studio\jre\jre\bin\net.dll
0x00007ff9214a0000 - 0x00007ff92150a000 	C:\WINDOWS\system32\mswsock.dll
0x00007ff9211b0000 - 0x00007ff9211eb000 	C:\WINDOWS\SYSTEM32\IPHLPAPI.DLL
0x00007ff924560000 - 0x00007ff924568000 	C:\WINDOWS\System32\NSI.dll
0x00007ff91b3d0000 - 0x00007ff91b3e7000 	C:\WINDOWS\SYSTEM32\dhcpcsvc6.DLL
0x00007ff91b390000 - 0x00007ff91b3ad000 	C:\WINDOWS\SYSTEM32\dhcpcsvc.DLL
0x00007ff9211f0000 - 0x00007ff9212bb000 	C:\WINDOWS\SYSTEM32\DNSAPI.dll
0x00007ff91a950000 - 0x00007ff91a963000 	C:\Program Files\Android\Android Studio\jre\jre\bin\nio.dll
0x0000000180000000 - 0x0000000180053000 	C:\Users\ADMIN\AppData\Local\Temp\libgdxADMIN\1cecf4f6\lwjgl64.dll
0x00007ff9005c0000 - 0x00007ff9006e5000 	C:\WINDOWS\SYSTEM32\OPENGL32.dll
0x00007ff900880000 - 0x00007ff9008ac000 	C:\WINDOWS\SYSTEM32\GLU32.dll
0x0000000017bb0000 - 0x0000000017c14000 	C:\Users\ADMIN\AppData\Local\Temp\libgdxADMIN\1cecf4f6\OpenAL64.dll
0x00007ff922900000 - 0x00007ff922a2a000 	C:\WINDOWS\System32\ole32.dll
0x00007ff920680000 - 0x00007ff920692000 	C:\WINDOWS\SYSTEM32\kernel.appcore.dll
0x00007ff91f690000 - 0x00007ff91f72e000 	C:\WINDOWS\system32\uxtheme.dll
0x00007ff9238b0000 - 0x00007ff923959000 	C:\WINDOWS\System32\clbcatq.dll
0x00007ff8ed940000 - 0x00007ff8ed9dc000 	C:\WINDOWS\SYSTEM32\dsound.dll
0x00007ff921ba0000 - 0x00007ff921beb000 	C:\WINDOWS\SYSTEM32\powrprof.dll
0x00007ff8fc110000 - 0x00007ff8fc136000 	C:\WINDOWS\SYSTEM32\winmmbase.dll
0x00007ff921b80000 - 0x00007ff921b92000 	C:\WINDOWS\SYSTEM32\UMPDC.dll
0x00007ff919cc0000 - 0x00007ff919d45000 	C:\WINDOWS\System32\MMDevApi.dll
0x00007ff921b40000 - 0x00007ff921b6c000 	C:\WINDOWS\System32\DEVOBJ.dll
0x00007ff921f40000 - 0x00007ff921f8e000 	C:\WINDOWS\System32\cfgmgr32.dll
0x00007ff919270000 - 0x00007ff9193f5000 	C:\WINDOWS\SYSTEM32\AUDIOSES.DLL
0x00007ff923550000 - 0x00007ff92361d000 	C:\WINDOWS\System32\OLEAUT32.dll
0x00007ff91f770000 - 0x00007ff91f784000 	C:\WINDOWS\SYSTEM32\resourcepolicyclient.dll
0x00007ff91cf20000 - 0x00007ff91cfce000 	C:\WINDOWS\SYSTEM32\mscms.dll
0x00007ff91ca30000 - 0x00007ff91ca41000 	C:\WINDOWS\SYSTEM32\ColorAdapterClient.dll
0x00007ff90ead0000 - 0x00007ff90eb13000 	C:\Windows\System32\Windows.Internal.Graphics.Display.DisplayColorManagement.dll
0x00007ff922710000 - 0x00007ff922825000 	C:\WINDOWS\System32\MSCTF.dll
0x00007ff910df0000 - 0x00007ff910eeb000 	C:\WINDOWS\SYSTEM32\textinputframework.dll
0x00007ff91f000000 - 0x00007ff91f35e000 	C:\WINDOWS\System32\CoreUIComponents.dll
0x00007ff91f360000 - 0x00007ff91f452000 	C:\WINDOWS\System32\CoreMessaging.dll
0x00007ff920af0000 - 0x00007ff920b23000 	C:\WINDOWS\SYSTEM32\ntmarta.dll
0x00007ff91e8a0000 - 0x00007ff91e9f4000 	C:\WINDOWS\SYSTEM32\wintypes.dll
0x00007ff91b540000 - 0x00007ff91b63b000 	C:\Windows\System32\AppXDeploymentClient.dll
0x00007ff8f0c10000 - 0x00007ff8f1442000 	C:\WINDOWS\SYSTEM32\ig7icd64.dll
0x00007ff90e360000 - 0x00007ff90e7c4000 	C:\WINDOWS\SYSTEM32\igdusc64.dll
0x00007ff91be00000 - 0x00007ff91be14000 	C:\WINDOWS\SYSTEM32\WTSAPI32.dll
0x00007ff91f970000 - 0x00007ff91f99f000 	C:\WINDOWS\SYSTEM32\dwmapi.dll
0x00007ff91ae60000 - 0x00007ff91aea3000 	C:\WINDOWS\SYSTEM32\icm32.dll
0x00007ff9206f0000 - 0x00007ff9207e3000 	C:\WINDOWS\SYSTEM32\dxgi.dll
0x00007ff91dbe0000 - 0x00007ff91de44000 	C:\WINDOWS\SYSTEM32\d3d11.dll
0x00007ff90cf20000 - 0x00007ff90dac2000 	C:\WINDOWS\SYSTEM32\igd10iumd64.dll
0x00007ff921720000 - 0x00007ff921747000 	C:\WINDOWS\SYSTEM32\ncrypt.dll
0x00007ff9216e0000 - 0x00007ff92171b000 	C:\WINDOWS\SYSTEM32\NTASN1.dll
0x00007ff90e7d0000 - 0x00007ff90e80b000 	C:\WINDOWS\SYSTEM32\dxcore.dll
0x000000006e9c0000 - 0x000000006ea1b000 	C:\Users\ADMIN\AppData\Local\Temp\libgdxADMIN\176dfbff\gdx-box2d64.dll
0x00007ff914910000 - 0x00007ff914af4000 	C:\WINDOWS\SYSTEM32\dbghelp.dll

VM Arguments:
jvm_args: -Dfile.encoding=windows-1252 -Duser.country=US -Duser.language=en -Duser.variant 
java_command: com.mygdx.game.desktop.DesktopLauncher
java_class_path (initial): C:\Users\ADMIN\Documents\2Dplatformer\desktop\build\classes\java\main;C:\Users\ADMIN\Documents\2Dplatformer\desktop\build\resources\main;C:\Users\ADMIN\.gradle\caches\modules-2\files-2.1\com.badlogicgames.gdx\gdx-backend-lwjgl\1.9.13\ed6e70cf224ad7d8cfa8e1b3f0e97760a8125e90\gdx-backend-lwjgl-1.9.13.jar;C:\Users\ADMIN\.gradle\caches\modules-2\files-2.1\com.badlogicgames.gdx\gdx-platform\1.9.13\36e453b8ebdf004e7ebbc8b0b23549316371c82\gdx-platform-1.9.13-natives-desktop.jar;C:\Users\ADMIN\.gradle\caches\modules-2\files-2.1\com.badlogicgames.gdx\gdx-box2d-platform\1.9.13\ce1d100ee60a6c5f1f14a15be8f44e5de478bc7b\gdx-box2d-platform-1.9.13-natives-desktop.jar;C:\Users\ADMIN\Documents\2Dplatformer\core\build\libs\core-1.0.jar;C:\Users\ADMIN\.gradle\caches\modules-2\files-2.1\com.badlogicgames.box2dlights\box2dlights\1.5\6902dbcd250c95a27973aa24a147a95b3828d348\box2dlights-1.5.jar;C:\Users\ADMIN\.gradle\caches\modules-2\files-2.1\com.badlogicgames.gdx\gdx-box2d\1.9.13\11d01da43038e0b123f7f7187abc762a26e7a7bf\gdx-box2d-1.9.13.jar;C:\Users\ADMIN\.gradle\caches\modules-2\files-2.1\com.badlogicgames.gdx\gdx\1.9.13\3a246302e97759c7d171678db765cd5521af0cd9\gdx-1.9.13.jar;C:\Users\ADMIN\.gradle\caches\modules-2\files-2.1\org.lwjgl.lwjgl\lwjgl_util\2.9.3\751f06b62424da056954c67288fd5c494431e350\lwjgl_util-2.9.3.jar;C:\Users\ADMIN\.gradle\caches\modules-2\files-2.1\org.lwjgl.lwjgl\lwjgl\2.9.3\3df168ac74e4a8c96562cdff24ad352e255bf89c\lwjgl-2.9.3.jar;C:\Users\ADMIN\.gradle\caches\modules-2\files-2.1\com.badlogicgames.jlayer\jlayer\1.0.1-gdx\7cca83cec5c1b2f011362f4d85aabd71a73b049d\jlayer-1.0.1-gdx.jar;C:\Users\ADMIN\.gradle\caches\modules-2\files-2.1\org.jcraft\jorbis\0.0.17\8872d22b293e8f5d7d56ff92be966e6dc28ebdc6\jorbis-0.0.17.jar;C:\Users\ADMIN\.gradle\caches\modules-2\files-2.1\org.lwjgl.lwjgl\lwjgl-platform\2.9.3\fbc2afb3e288578e9942578decb6291a490549a0\lwjgl-platform-2.9.3-natives-windows.jar;C:\Users\ADMIN\.gradle\caches\modules-2\files-2.1\org.lwjgl
Launcher Type: SUN_STANDARD

Environment Variables:
JAVA_HOME=C:\Program Files\Java\jdk-15.0.1
PATH=C:\WINDOWS\system32;C:\WINDOWS;C:\WINDOWS\System32\Wbem;C:\WINDOWS\System32\WindowsPowerShell\v1.0\;C:\WINDOWS\System32\OpenSSH\;C:\Program Files\Java\jdk-15.0.1\bin;C:\MinGW\bin;C:\Program Files\dotnet\;C:\Program Files (x86)\Brackets\command;C:\Users\ADMIN\AppData\Local\Programs\Python\Python38;C:\Users\ADMIN\AppData\Local\Programs\Python\Python38\Scripts;C:\WINDOWS\system32;C:\WINDOWS;C:\WINDOWS\System32\Wbem;C:\WINDOWS\System32\WindowsPowerShell\v1.0\;C:\WINDOWS\System32\OpenSSH\;C:\Program Files\Java\jdk-15.0.1\bin;C:\MinGW\bin;C:\Program Files\dotnet\;C:\Program Files (x86)\Brackets\command;PATH;C:\Python38\Scripts;
USERNAME=ADMIN
OS=Windows_NT
PROCESSOR_IDENTIFIER=Intel64 Family 6 Model 58 Stepping 9, GenuineIntel



---------------  S Y S T E M  ---------------

OS: Windows 10.0 , 64 bit Build 19041 (10.0.19041.804)

CPU:total 4 (initial active 4) (2 cores per cpu, 2 threads per core) family 6 model 58 stepping 9, cmov, cx8, fxsr, mmx, sse, sse2, sse3, ssse3, sse4.1, sse4.2, popcnt, avx, aes, clmul, erms, ht, tsc, tscinvbit, tscinv

Memory: 4k page, physical 3786984k(598928k free), swap 15318960k(2760320k free)

vm_info: OpenJDK 64-Bit Server VM (25.242-b01) for windows-amd64 JRE (1.8.0_242-release-1644-b01), built by "builder" with MS VC++ 10.0 (VS2010)

time: Sun Jun 27 22:46:15 2021
timezone: China Standard Time
elapsed time: 11 seconds (0d 0h 0m 11s)

